<?xml version="1.0" encoding="UTF-8"?>
<testng-results ignored="0" total="3" passed="3" failed="0" skipped="0">
  <reporter-output>
  </reporter-output>
  <suite started-at="2024-01-22T10:52:53 IST" name="Gradle suite" finished-at="2024-01-22T10:53:30 IST" duration-ms="37536">
    <groups>
    </groups>
    <test started-at="2024-01-22T10:52:53 IST" name="Gradle test" finished-at="2024-01-22T10:53:30 IST" duration-ms="37536">
      <class name="qtriptest.tests.testCase_01">
        <test-method is-config="true" signature="createDriver()[pri:0, instance:qtriptest.tests.testCase_01@1e04fa0a]" started-at="2024-01-22T10:52:53 IST" name="createDriver" finished-at="2024-01-22T10:52:56 IST" duration-ms="3189" status="PASS">
          <reporter-output>
          </reporter-output>
        </test-method> <!-- createDriver -->
        <test-method signature="TestCase01(java.lang.String,java.lang.String)[pri:1, instance:qtriptest.tests.testCase_01@1e04fa0a]" started-at="2024-01-22T10:52:58 IST" name="TestCase01" data-provider="data-provider" finished-at="2024-01-22T10:53:09 IST" duration-ms="11315" status="PASS">
          <params>
            <param index="0">
              <value>
                <![CDATA[testuser@gmail.com]]>
              </value>
            </param>
            <param index="1">
              <value>
                <![CDATA[abc@123]]>
              </value>
            </param>
          </params>
          <reporter-output>
          </reporter-output>
        </test-method> <!-- TestCase01 -->
        <test-method signature="TestCase01(java.lang.String,java.lang.String)[pri:1, instance:qtriptest.tests.testCase_01@1e04fa0a]" started-at="2024-01-22T10:53:09 IST" name="TestCase01" data-provider="data-provider" finished-at="2024-01-22T10:53:20 IST" duration-ms="10413" status="PASS">
          <params>
            <param index="0">
              <value>
                <![CDATA[TESTUSER@gmail.com]]>
              </value>
            </param>
            <param index="1">
              <value>
                <![CDATA[123456.0]]>
              </value>
            </param>
          </params>
          <reporter-output>
          </reporter-output>
        </test-method> <!-- TestCase01 -->
        <test-method signature="TestCase01(java.lang.String,java.lang.String)[pri:1, instance:qtriptest.tests.testCase_01@1e04fa0a]" started-at="2024-01-22T10:53:20 IST" name="TestCase01" data-provider="data-provider" finished-at="2024-01-22T10:53:30 IST" duration-ms="10353" status="PASS">
          <params>
            <param index="0">
              <value>
                <![CDATA[123_USER_low@gmail.com]]>
              </value>
            </param>
            <param index="1">
              <value>
                <![CDATA[QWERTY!!!!]]>
              </value>
            </param>
          </params>
          <reporter-output>
          </reporter-output>
        </test-method> <!-- TestCase01 -->
        <test-method is-config="true" signature="closDriver()[pri:0, instance:qtriptest.tests.testCase_01@1e04fa0a]" started-at="2024-01-22T10:53:30 IST" name="closDriver" finished-at="2024-01-22T10:53:30 IST" duration-ms="104" status="PASS">
          <reporter-output>
          </reporter-output>
        </test-method> <!-- closDriver -->
      </class> <!-- qtriptest.tests.testCase_01 -->
    </test> <!-- Gradle test -->
  </suite> <!-- Gradle suite -->
</testng-results>
